
          -------------------------------------------------------
          Amber 22 SANDER                              2022
          -------------------------------------------------------

| Run on 12/01/2024 at 09:13:29

|   Executable path: /home/johann/miniconda3/bin/sander
| Working directory: /home/johann/vt_ml/Tutorial
|          Hostname: Unknown
  [-O]verwriting output

File Assignments:
|  MDIN: 01_Min.in                                                             
| MDOUT: 01_Min.out                                                            
|INPCRD: rst7                                                                  
|  PARM: parm7                                                                 
|RESTRT: 01_Min.ncrst                                                          
|  REFC: refc                                                                  
| MDVEL: mdvel                                                                 
| MDFRC: mdfrc                                                                 
|  MDEN: mden                                                                  
| MDCRD: mdcrd                                                                 
|MDINFO: 01_Min.mdinfo                                                         
|  MTMD: mtmd                                                                  
|INPDIP: inpdip                                                                
|RSTDIP: rstdip                                                                
|INPTRA: inptraj                                                               


 Here is the input file:

Minimize                                                                       
 &cntrl                                                                        
  imin=1,                                                                      
  ntx=1,                                                                       
  irest=0,                                                                     
  maxcyc=2000,                                                                 
  ncyc=1000,                                                                   
  ntpr=100,                                                                    
  ntwx=0,                                                                      
  cut=8.0,                                                                     
 /                                                                             
                                                                               

--------------------------------------------------------------------------------
   1.  RESOURCE   USE: 
--------------------------------------------------------------------------------

| Flags:                                                                        
 getting new box info from bottom of inpcrd
|  INFO: Old style inpcrd file read

| peek_ewald_inpcrd: Box info found
|Largest sphere to fit in unit cell has radius =    13.132
| New format PARM file being parsed.
| Version =    1.000 Date = 11/29/24 Time = 13:26:11
 NATOM  =    2818 NTYPES =      10 NBONH =    2109 MBONA  =     708
 NTHETH =      25 MTHETA =      11 NPHIH =      43 MPHIA  =      24
 NHPARM =       0 NPARM  =       0 NNB   =    4992 NRES   =     702
 NBONA  =     708 NTHETA =      11 NPHIA =      24 NUMBND =      14
 NUMANG =      21 NPTRA  =      14 NATYP =      11 NPHB   =       0
 IFBOX  =       2 NMXRS  =      10 IFCAP =       0 NEXTRA =     699
 NCOPY  =       0

| CMAP information read from topology file: 

|     Memory Use     Allocated
|     Real             1010752
|     Hollerith           9158
|     Integer            99391
|     Max Pairs        1127200
|     nblistReal         33816
|     nblist Int        101077
|       Total            13382 kbytes

| Note: 1-4 EEL scale factors are being read from the topology file.

| Note: 1-4 VDW scale factors are being read from the topology file.
| Duplicated    0 dihedrals
| Duplicated    0 dihedrals
|CMAP: Reticulating splines.

     BOX TYPE: TRUNCATED OCTAHEDRON

--------------------------------------------------------------------------------
   2.  CONTROL  DATA  FOR  THE  RUN
--------------------------------------------------------------------------------

ACE                                                                             

General flags:
     imin    =       1, nmropt  =       0

Nature and format of input:
     ntx     =       1, irest   =       0, ntrx    =       1

Nature and format of output:
     ntxo    =       2, ntpr    =     100, ntrx    =       1, ntwr    =       1
     iwrap   =       0, ntwx    =       0, ntwv    =       0, ntwe    =       0
     ioutfm  =       1, ntwprt  =       0, idecomp =       0, rbornstat=      0

Potential function:
     ntf     =       1, ntb     =       1, igb     =       0, nsnb    =      25
     ipol    =       0, gbsa    =       0, iesp    =       0
     dielc   =   1.00000, cut     =   8.00000, intdiel =   1.00000

Frozen or restrained atoms:
     ibelly  =       0, ntr     =       0

Energy minimization:
     maxcyc  =    2000, ncyc    =    1000, ntmin   =       1
     dx0     =   0.01000, drms    =   0.00010

Extra-points options:
     frameon =       1, chngmask=       1

Ewald parameters:
     verbose =       0, ew_type =       0, nbflag  =       1, use_pme =       1
     vdwmeth =       1, eedmeth =       1, netfrc  =       0
     Box X =   32.168   Box Y =   32.168   Box Z =   32.168
     Alpha =  109.471   Beta  =  109.471   Gamma =  109.471
     NFFT1 =   32       NFFT2 =   32       NFFT3 =   32
     Cutoff=    8.000   Tol   =0.100E-04
     Ewald Coefficient =  0.34864
     Interpolation order =    4
|      EXTRA_PTS, trim_bonds: num bonds BEFORE trim =  2109     0
|      EXTRA_PTS, trim_bonds: num bonds AFTER  trim =  2109     0
|      EXTRA_PTS, trim_bonds: num bonds BEFORE trim =   708     0
|      EXTRA_PTS, trim_bonds: num bonds AFTER  trim =     9     0
|      EXTRA_PTS, trim_theta: num angle BEFORE trim =    25     0
|      EXTRA_PTS, trim_theta: num angle AFTER  trim =    25     0
|      EXTRA_PTS, trim_theta: num angle BEFORE trim =    11     0
|      EXTRA_PTS, trim_theta: num angle AFTER  trim =    11     0
|      EXTRA_PTS, trim_phi:  num diheds BEFORE trim =    43     0
|      EXTRA_PTS, trim_phi:  num diheds AFTER  trim =    43     0
|      EXTRA_PTS, trim_phi:  num diheds BEFORE trim =    24     0
|      EXTRA_PTS, trim_phi:  num diheds AFTER  trim =    24     0

--------------------------------------------------------------------------------
   3.  ATOMIC COORDINATES AND VELOCITIES
--------------------------------------------------------------------------------

ACE                                                                             
 begin time read from input coords =     0.000 ps

 Number of triangulated 3-point waters found:      699

     Sum of charges from parm topology file =   0.00000384
     Forcing neutrality...

--------------------------------------------------------------------------------
   4.  RESULTS
--------------------------------------------------------------------------------

 ---------------------------------------------------
 APPROXIMATING switch and d/dx switch using CUBIC SPLINE INTERPOLATION
 using   5000.0 points per unit in tabled values
 TESTING RELATIVE ERROR over r ranging from 0.0 to cutoff
| CHECK switch(x): max rel err =   0.2738E-14   at   2.422500
| CHECK d/dx switch(x): max rel err =   0.8332E-11   at   2.782960
 ---------------------------------------------------
| Local SIZE OF NONBOND LIST =     646216
| TOTAL SIZE OF NONBOND LIST =     646216


   NSTEP       ENERGY          RMS            GMAX         NAME    NUMBER
      1      -7.2757E+03     1.8180E+01     1.5550E+02     O        1335

 BOND    =        0.2159  ANGLE   =        0.3620  DIHED      =        2.3903
 VDWAALS =     1002.3332  EEL     =    -8334.5029  HBOND      =        0.0000
 1-4 VDW =        5.0157  1-4 EEL =       48.9355  RESTRAINT  =        0.0000
 CMAP    =       -0.4049


   NSTEP       ENERGY          RMS            GMAX         NAME    NUMBER
    100      -9.9321E+03     1.7201E+00     7.2502E+00     H1       1512

 BOND    =     1513.2497  ANGLE   =        0.8574  DIHED      =        2.6346
 VDWAALS =     1200.5302  EEL     =   -12698.4968  HBOND      =        0.0000
 1-4 VDW =        3.3550  1-4 EEL =       46.3836  RESTRAINT  =        0.0000
 CMAP    =       -0.5760


   NSTEP       ENERGY          RMS            GMAX         NAME    NUMBER
    200      -1.0238E+04     1.5831E+00     7.2121E+00     H1        800

 BOND    =     1532.7398  ANGLE   =        0.8586  DIHED      =        2.6832
 VDWAALS =     1468.9711  EEL     =   -13292.8326  HBOND      =        0.0000
 1-4 VDW =        3.3672  1-4 EEL =       46.3294  RESTRAINT  =        0.0000
 CMAP    =       -0.5738


   NSTEP       ENERGY          RMS            GMAX         NAME    NUMBER
    300      -1.0420E+04     1.3912E+00     7.5377E+00     H2        801

 BOND    =     1735.4110  ANGLE   =        0.8788  DIHED      =        2.6495
 VDWAALS =     1647.7075  EEL     =   -13855.3471  HBOND      =        0.0000
 1-4 VDW =        3.3802  1-4 EEL =       46.2739  RESTRAINT  =        0.0000
 CMAP    =       -0.5422


   NSTEP       ENERGY          RMS            GMAX         NAME    NUMBER
    400      -1.0553E+04     1.1802E+00     6.3368E+00     H2        801

 BOND    =     1705.2134  ANGLE   =        0.9132  DIHED      =        2.6204
 VDWAALS =     1780.0709  EEL     =   -14090.4328  HBOND      =        0.0000
 1-4 VDW =        3.3817  1-4 EEL =       46.1734  RESTRAINT  =        0.0000
 CMAP    =       -0.5389


   NSTEP       ENERGY          RMS            GMAX         NAME    NUMBER
    500      -1.0653E+04     9.9831E-01     5.9078E+00     H2        801

 BOND    =     1840.5062  ANGLE   =        0.9577  DIHED      =        2.5999
 VDWAALS =     1875.5051  EEL     =   -14420.9863  HBOND      =        0.0000
 1-4 VDW =        3.3713  1-4 EEL =       46.0470  RESTRAINT  =        0.0000
 CMAP    =       -0.5398


   NSTEP       ENERGY          RMS            GMAX         NAME    NUMBER
    600      -1.0735E+04     8.8970E-01     5.0135E+00     H2        801

 BOND    =     1806.6257  ANGLE   =        1.0050  DIHED      =        2.5910
 VDWAALS =     1947.9317  EEL     =   -14542.2288  HBOND      =        0.0000
 1-4 VDW =        3.3445  1-4 EEL =       45.9122  RESTRAINT  =        0.0000
 CMAP    =       -0.4932


   NSTEP       ENERGY          RMS            GMAX         NAME    NUMBER
    700      -1.0811E+04     4.2668E-01     2.9142E+00     H1        260

 BOND    =     1887.9071  ANGLE   =        1.0499  DIHED      =        2.5780
 VDWAALS =     2007.9992  EEL     =   -14758.9694  HBOND      =        0.0000
 1-4 VDW =        3.3173  1-4 EEL =       45.7794  RESTRAINT  =        0.0000
 CMAP    =       -0.3837


   NSTEP       ENERGY          RMS            GMAX         NAME    NUMBER
    800      -1.0877E+04     3.8495E-01     2.7775E+00     H1        260

 BOND    =     1897.5164  ANGLE   =        1.0663  DIHED      =        2.5505
 VDWAALS =     2062.2635  EEL     =   -14888.6647  HBOND      =        0.0000
 1-4 VDW =        3.3061  1-4 EEL =       45.6657  RESTRAINT  =        0.0000
 CMAP    =       -0.2437


   NSTEP       ENERGY          RMS            GMAX         NAME    NUMBER
    900      -1.0931E+04     1.3251E+00     8.3255E+00     H1        796

 BOND    =     1883.5835  ANGLE   =        1.0491  DIHED      =        2.5202
 VDWAALS =     2113.5499  EEL     =   -14980.0925  HBOND      =        0.0000
 1-4 VDW =        3.3161  1-4 EEL =       45.5872  RESTRAINT  =        0.0000
 CMAP    =       -0.1156


   NSTEP       ENERGY          RMS            GMAX         NAME    NUMBER
   1000      -1.0980E+04     1.1506E+00     7.2270E+00     H2        801

 BOND    =     2013.5953  ANGLE   =        1.0393  DIHED      =        2.5032
 VDWAALS =     2158.4493  EEL     =   -15204.2648  HBOND      =        0.0000
 1-4 VDW =        3.3290  1-4 EEL =       45.5311  RESTRAINT  =        0.0000
 CMAP    =       -0.0273


   NSTEP       ENERGY          RMS            GMAX         NAME    NUMBER
   1100      -1.1199E+04     5.1239E-01     9.7264E+00     C           5

 BOND    =     2100.3001  ANGLE   =        1.1150  DIHED      =        2.5657
 VDWAALS =     2418.9194  EEL     =   -15770.8336  HBOND      =        0.0000
 1-4 VDW =        3.3462  1-4 EEL =       45.3792  RESTRAINT  =        0.0000
 CMAP    =        0.0738


   NSTEP       ENERGY          RMS            GMAX         NAME    NUMBER
   1200      -1.1267E+04     4.3066E-01     8.1062E+00     CA          9

 BOND    =     2131.8158  ANGLE   =        1.0914  DIHED      =        2.5236
 VDWAALS =     2477.7806  EEL     =   -15928.8401  HBOND      =        0.0000
 1-4 VDW =        3.2685  1-4 EEL =       45.5468  RESTRAINT  =        0.0000
 CMAP    =        0.0720


   NSTEP       ENERGY          RMS            GMAX         NAME    NUMBER
   1300      -1.1337E+04     3.0802E-01     4.6633E+00     CA          9

 BOND    =     2168.5647  ANGLE   =        0.9905  DIHED      =        2.5199
 VDWAALS =     2548.3193  EEL     =   -16107.0827  HBOND      =        0.0000
 1-4 VDW =        3.3858  1-4 EEL =       45.8097  RESTRAINT  =        0.0000
 CMAP    =        0.0194


   NSTEP       ENERGY          RMS            GMAX         NAME    NUMBER
   1400      -1.1373E+04     3.0226E-01     2.9669E+00     O        2627

 BOND    =     2186.5037  ANGLE   =        0.9798  DIHED      =        2.5063
 VDWAALS =     2583.9140  EEL     =   -16196.1571  HBOND      =        0.0000
 1-4 VDW =        3.4087  1-4 EEL =       45.8873  RESTRAINT  =        0.0000
 CMAP    =       -0.0200


   NSTEP       ENERGY          RMS            GMAX         NAME    NUMBER
   1500      -1.1398E+04     2.8271E-01     6.0647E+00     C           5

 BOND    =     2211.1356  ANGLE   =        0.7819  DIHED      =        2.6758
 VDWAALS =     2616.8775  EEL     =   -16278.0991  HBOND      =        0.0000
 1-4 VDW =        3.3469  1-4 EEL =       46.0901  RESTRAINT  =        0.0000
 CMAP    =       -0.5492


   NSTEP       ENERGY          RMS            GMAX         NAME    NUMBER
   1600      -1.1417E+04     1.6947E-01     3.9031E+00     CA          9

 BOND    =     2219.7059  ANGLE   =        0.9543  DIHED      =        2.5608
 VDWAALS =     2643.8926  EEL     =   -16332.7062  HBOND      =        0.0000
 1-4 VDW =        3.3656  1-4 EEL =       46.0949  RESTRAINT  =        0.0000
 CMAP    =       -0.6991


   NSTEP       ENERGY          RMS            GMAX         NAME    NUMBER
   1700      -1.1440E+04     1.8174E-01     1.8389E+00     C          15

 BOND    =     2230.9951  ANGLE   =        0.9271  DIHED      =        2.5297
 VDWAALS =     2662.8159  EEL     =   -16385.9182  HBOND      =        0.0000
 1-4 VDW =        3.3298  1-4 EEL =       46.1979  RESTRAINT  =        0.0000
 CMAP    =       -0.6730


   NSTEP       ENERGY          RMS            GMAX         NAME    NUMBER
   1800      -1.1468E+04     2.2684E-01     2.4019E+00     C          15

 BOND    =     2235.2684  ANGLE   =        0.9261  DIHED      =        2.5177
 VDWAALS =     2679.4115  EEL     =   -16435.0708  HBOND      =        0.0000
 1-4 VDW =        3.3218  1-4 EEL =       46.3109  RESTRAINT  =        0.0000
 CMAP    =       -0.6302


   NSTEP       ENERGY          RMS            GMAX         NAME    NUMBER
   1900      -1.1485E+04     2.0602E-01     2.4506E+00     N          17

 BOND    =     2244.5032  ANGLE   =        0.9118  DIHED      =        2.5174
 VDWAALS =     2695.6731  EEL     =   -16478.1495  HBOND      =        0.0000
 1-4 VDW =        3.3128  1-4 EEL =       46.4011  RESTRAINT  =        0.0000
 CMAP    =       -0.6021


   NSTEP       ENERGY          RMS            GMAX         NAME    NUMBER
   2000      -1.1499E+04     2.3737E-01     3.4141E+00     C          15

 BOND    =     2250.6919  ANGLE   =        0.9302  DIHED      =        2.5168
 VDWAALS =     2708.1316  EEL     =   -16510.6947  HBOND      =        0.0000
 1-4 VDW =        3.2801  1-4 EEL =       46.3728  RESTRAINT  =        0.0000
 CMAP    =       -0.5703


  Maximum number of minimization cycles reached.


                    FINAL RESULTS



   NSTEP       ENERGY          RMS            GMAX         NAME    NUMBER
   2000      -1.1499E+04     2.3737E-01     3.4141E+00     C          15

 BOND    =     2250.6919  ANGLE   =        0.9302  DIHED      =        2.5168
 VDWAALS =     2708.1316  EEL     =   -16510.6947  HBOND      =        0.0000
 1-4 VDW =        3.2801  1-4 EEL =       46.3728  RESTRAINT  =        0.0000
 CMAP    =       -0.5703

--------------------------------------------------------------------------------
   5.  TIMINGS
--------------------------------------------------------------------------------

|    Read coords time           0.00 ( 0.01% of Total)
|                Build the list             0.23 (91.25% of List )
|                Other                      0.02 ( 8.75% of List )
|             List time                  0.25 ( 0.70% of Nonbo)
|                   Short_ene time            29.40 (99.29% of Direc)
|                   Other                      0.21 ( 0.71% of Direc)
|                Direct Ewald time         29.61 (83.31% of Ewald)
|                Adjust Ewald time          0.27 ( 0.75% of Ewald)
|                Self Ewald time            0.00 ( 0.01% of Ewald)
|                   Fill Bspline coeffs        0.26 ( 4.72% of Recip)
|                   Fill charge grid           0.68 (12.54% of Recip)
|                   Scalar sum                 1.72 (31.61% of Recip)
|                   Grad sum                   1.23 (22.60% of Recip)
|                   FFT time                   1.55 (28.49% of Recip)
|                   Other                      0.00 ( 0.04% of Recip)
|                Recip Ewald time           5.45 (15.34% of Ewald)
|                Virial junk                0.02 ( 0.06% of Ewald)
|                Other                      0.19 ( 0.54% of Ewald)
|             Ewald time                35.55 (99.30% of Nonbo)
|          Nonbond force             35.80 (99.69% of Force)
|          Bond/Angle/Dihedral        0.10 ( 0.29% of Force)
|          Other                      0.01 ( 0.02% of Force)
|       Force time                35.91 (100.0% of Runmd)
|    Runmd Time                35.91 (98.46% of Total)
|    Other                      0.56 ( 1.53% of Total)
| Total time                36.47 (100.0% of ALL  )

| Number of list builds   :          9

| Highest rstack allocated:     153484
| Highest istack allocated:       2818
|           Job began  at 09:13:29.656  on 12/01/2024
|           Setup done at 09:13:29.758  on 12/01/2024
|           Run   done at 09:14:06.129  on 12/01/2024
|     wallclock() was called   76066 times

|3D-RISM memory allocation summary
|Type          Maximum        Current   
|Integer       0.00000 GB     0.00000 GB
|Real          0.00000 GB     0.00000 GB
|Logical       0.00000 GB     0.00000 GB
|Character     0.00000 GB     0.00000 GB
|---------------------------------------
|Total         0.00000 GB     0.00000 GB
